2022-10-18 00:01:14  WARN: HikariPool-1 - Thread starvation or clock leap detected (housekeeper delta=1m30s533ms).
2022-10-18 01:19:27  WARN: HikariPool-1 - Thread starvation or clock leap detected (housekeeper delta=2m12s498ms).
2022-10-18 01:21:07  WARN: HikariPool-1 - Thread starvation or clock leap detected (housekeeper delta=1m39s621ms).
2022-10-18 01:23:30  WARN: HikariPool-1 - Thread starvation or clock leap detected (housekeeper delta=2m23s127ms).
2022-10-18 01:25:18  WARN: HikariPool-1 - Thread starvation or clock leap detected (housekeeper delta=1m47s906ms).
2022-10-18 03:08:47  WARN: HikariPool-1 - Thread starvation or clock leap detected (housekeeper delta=36m28s566ms).
2022-10-18 04:12:28  WARN: HikariPool-1 - Thread starvation or clock leap detected (housekeeper delta=1h3m40s890ms).
2022-10-18 04:48:29  WARN: HikariPool-1 - Thread starvation or clock leap detected (housekeeper delta=36m1s908ms).
2022-10-18 06:09:06  WARN: HikariPool-1 - Thread starvation or clock leap detected (housekeeper delta=1h20m36s721ms).
2022-10-18 07:30:45  WARN: HikariPool-1 - Thread starvation or clock leap detected (housekeeper delta=1h21m38s433ms).
2022-10-18 08:37:50  WARN: HikariPool-1 - Thread starvation or clock leap detected (housekeeper delta=1h7m5s729ms).
2022-10-18 09:52:01  WARN: HikariPool-1 - Thread starvation or clock leap detected (housekeeper delta=1h14m10s204ms).
2022-10-18 09:57:35  WARN: HikariPool-1 - Thread starvation or clock leap detected (housekeeper delta=3m4s539ms).
2022-10-18 10:06:40  WARN: HikariPool-1 - Thread starvation or clock leap detected (housekeeper delta=9m5s376ms).
2022-10-18 10:11:14  INFO: Stopping server...
2022-10-18 16:42:21  INFO: Operating system name: Mac OS X version: 12.6 architecture: aarch64
2022-10-18 16:42:21  INFO: Java runtime name: Java HotSpot(TM) 64-Bit Server VM vendor: Oracle Corporation version: 17.0.3.1+2-LTS-6
2022-10-18 16:42:21  INFO: Memory limit heap: 2048mb non-heap: 0mb
2022-10-18 16:42:21  INFO: Character encoding: UTF-8 charset: UTF-8
2022-10-18 16:42:21  INFO: Version: 5.3
2022-10-18 16:42:21  INFO: Starting server...
2022-10-18 16:42:21  INFO: HikariPool-1 - Starting...
2022-10-18 16:42:21  INFO: HikariPool-1 - Added connection org.postgresql.jdbc.PgConnection@32811494
2022-10-18 16:42:21  INFO: HikariPool-1 - Start completed.
2022-10-18 16:42:21  INFO: Set default schema name to public
2022-10-18 16:42:21  INFO: Clearing database change log checksums
2022-10-18 16:42:21  INFO: Successfully acquired change log lock
2022-10-18 16:42:21  INFO: Successfully released change log lock
2022-10-18 16:42:21  INFO: Successfully acquired change log lock
2022-10-18 16:42:21  INFO: Cannot load service: liquibase.parser.ChangeLogParser: liquibase.parser.core.json.JsonChangeLogParser Unable to get public no-arg constructor
2022-10-18 16:42:21  INFO: Cannot load service: liquibase.parser.ChangeLogParser: liquibase.parser.core.yaml.YamlChangeLogParser Unable to get public no-arg constructor
2022-10-18 16:42:22  INFO: Reading from public.databasechangelog
2022-10-18 16:42:22  INFO: Reading from public.databasechangelog
2022-10-18 16:42:22  INFO: Cannot load service: liquibase.hub.HubService: Provider liquibase.hub.core.StandardHubService could not be instantiated
2022-10-18 16:42:22  INFO: Successfully released change log lock
2022-10-18 16:42:23  INFO: jetty-10.0.7; built: 2021-10-06T19:34:02.766Z; git: da8a4553af9dd84080931fa0f8c678cd2d60f3d9; jvm 17.0.3.1+2-LTS-6
2022-10-18 16:42:23  INFO: Started o.t.w.@b06d46d{/,null,AVAILABLE}
2022-10-18 16:42:23  INFO: Session workerName=node0
2022-10-18 16:42:23  WARN: JAXBContext implementation could not be found. WADL feature is disabled.
2022-10-18 16:42:23  INFO: Started o.e.j.s.ServletContextHandler@111fe921{/,null,AVAILABLE}
2022-10-18 16:42:23  INFO: Started ServerConnector@5bda157e{HTTP/1.1, (http/1.1)}{0.0.0.0:8082}
2022-10-18 16:42:23  INFO: Started Server@61da0413{STARTING}[10.0.7,sto=0] @2634ms
